 
****************************************
Report : area
Design : geofence
Version: P-2019.03
Date   : Tue Apr 13 23:22:16 2021
****************************************

Library(s) Used:

    slow (File: /cad/designkit/CBDK_IC_Contest_v2.1/SynopsysDC/db/slow.db)

Number of ports:                        36666
Number of nets:                        152896
Number of cells:                       117642
Number of combinational cells:         115527
Number of sequential cells:               498
Number of macros/black boxes:               0
Number of buf/inv:                      25160
Number of references:                     292

Combinational area:            1820015.088267
Buf/Inv area:                   186160.646671
Noncombinational area:           18985.418833
Macro/Black Box area:                0.000000
Net Interconnect area:        12445968.769379

Total cell area:               1839000.507100
Total area:                   14284969.276479
1
